18688888888,20160301100000,16030401EAFB68F1E3CDF819735E1C66,1
18688888888,20160301170000,16030401EAFB68F1E3CDF819735E1C66,0
18688888888,20160302082000,16030401EAFB68F1E3CDF819735E1C67,1
18688888888,20160302172400,16030401EAFB68F1E3CDF819735E1C67,0
18688888888,20160303082000,16030401EAFB68F1E3CDF819735E1C67,1
18688888888,20160303172400,16030401EAFB68F1E3CDF819735E1C67,0
18688888888,20160304082000,16030401EAFB68F1E3CDF819735E1C67,1
18688888888,20160304172400,16030401EAFB68F1E3CDF819735E1C67,0
18688888888,20160305082000,16030401EAFB68F1E3CDF819735E1C67,1
18688888888,20160305172400,16030401EAFB68F1E3CDF819735E1C67,0
18688888888,20160306082000,16030401EAFB68F1E3CDF819735E1C67,1
18688888888,20160306172400,16030401EAFB68F1E3CDF819735E1C67,0
18688888888,20160307082000,16030401EAFB68F1E3CDF819735E1C67,1
18688888888,20160307172400,16030401EAFB68F1E3CDF819735E1C67,0
18688888888,20160308082000,16030401EAFB68F1E3CDF819735E1C67,1
18688888888,20160308172400,16030401EAFB68F1E3CDF819735E1C67,0
18688888888,20160309082000,16030401EAFB68F1E3CDF819735E1C67,1
18688888888,20160309172400,16030401EAFB68F1E3CDF819735E1C67,0
18688888888,20160310082000,16030401EAFB68F1E3CDF819735E1C67,1
18688888888,20160310172400,16030401EAFB68F1E3CDF819735E1C67,0
18688888888,20160311082000,16030401EAFB68F1E3CDF819735E1C67,1
18688888888,20160311172400,16030401EAFB68F1E3CDF819735E1C67,0
18688888888,20160312082000,16030401EAFB68F1E3CDF819735E1C67,1
18688888888,20160312172400,16030401EAFB68F1E3CDF819735E1C67,0
18688888888,20160313082000,16030401EAFB68F1E3CDF819735E1C67,1
18688888888,20160313172400,16030401EAFB68F1E3CDF819735E1C67,0
18688888888,20160314082000,16030401EAFB68F1E3CDF819735E1C67,1
18688888888,20160314172400,16030401EAFB68F1E3CDF819735E1C67,0
18688888888,20160315082000,16030401EAFB68F1E3CDF819735E1C67,1
18688888888,20160315172400,16030401EAFB68F1E3CDF819735E1C67,0
18688888888,20160316082000,16030401EAFB68F1E3CDF819735E1C67,1
18688888888,20160316172400,16030401EAFB68F1E3CDF819735E1C67,0
18688888888,20160317082000,16030401EAFB68F1E3CDF819735E1C67,1
18688888888,20160317172400,16030401EAFB68F1E3CDF819735E1C67,0
18688888888,20160318082000,16030401EAFB68F1E3CDF819735E1C67,1
18688888888,20160318172400,16030401EAFB68F1E3CDF819735E1C67,0
18688888888,20160319082000,16030401EAFB68F1E3CDF819735E1C67,1
18688888888,20160319172400,16030401EAFB68F1E3CDF819735E1C67,0
18688888888,20160320082000,16030401EAFB68F1E3CDF819735E1C67,1
18688888888,20160320172400,16030401EAFB68F1E3CDF819735E1C67,0
18688888888,20160321082000,16030401EAFB68F1E3CDF819735E1C67,1
18688888888,20160321172400,16030401EAFB68F1E3CDF819735E1C67,0
18688888888,20160322082000,16030401EAFB68F1E3CDF819735E1C67,1
18688888888,20160322172400,16030401EAFB68F1E3CDF819735E1C67,0
18688888888,20160323082000,16030401EAFB68F1E3CDF819735E1C67,1
18688888888,20160323172400,16030401EAFB68F1E3CDF819735E1C67,0
18688888888,20160324082000,16030401EAFB68F1E3CDF819735E1C67,1
18688888888,20160324172400,16030401EAFB68F1E3CDF819735E1C67,0
18688888888,20160325082000,16030401EAFB68F1E3CDF819735E1C67,1
18688888888,20160325172400,16030401EAFB68F1E3CDF819735E1C67,0
18688888888,20160326082000,16030401EAFB68F1E3CDF819735E1C67,1
18688888888,20160326172400,16030401EAFB68F1E3CDF819735E1C67,0
18688888888,20160327082000,16030401EAFB68F1E3CDF819735E1C67,1
18688888888,20160327172400,16030401EAFB68F1E3CDF819735E1C67,0
18688888888,20160328082000,16030401EAFB68F1E3CDF819735E1C67,1
18688888888,20160328172400,16030401EAFB68F1E3CDF819735E1C67,0
18688888888,20160329082000,16030401EAFB68F1E3CDF819735E1C67,1
18688888888,20160329172400,16030401EAFB68F1E3CDF819735E1C67,0
18688888888,20160330082000,16030401EAFB68F1E3CDF819735E1C66,1
18688888888,20160330172400,16030401EAFB68F1E3CDF819735E1C66,0
18688888888,20160331082000,16030401EAFB68F1E3CDF819735E1C66,1
18688888888,20160331172400,16030401EAFB68F1E3CDF819735E1C66,0
18688888888,20160331202000,16030401EAFB68F1E3CDF819735E1C66,1
18688888888,20160331232400,16030401EAFB68F1E3CDF819735E1C66,0
18611132889,20160327082500,16030401EAFB68F1E3CDF819735E1C66,1
18611132889,20160327180000,16030401EAFB68F1E3CDF819735E1C66,0
18611132889,20160327190000,16030401EAFB68F1E3CDF819735E1C67,1
18611132889,20160327240000,16030401EAFB68F1E3CDF819735E1C67,0
